c:\users\bob joe\source\repos\samigame\samigame\debug\vc141.pdb
c:\users\bob joe\source\repos\samigame\samigame\debug\vc141.idb
c:\users\bob joe\source\repos\samigame\samigame\debug\visualgameobject.obj
c:\users\bob joe\source\repos\samigame\samigame\debug\tilemanager.obj
c:\users\bob joe\source\repos\samigame\samigame\debug\tile.obj
c:\users\bob joe\source\repos\samigame\samigame\debug\stdafx.obj
c:\users\bob joe\source\repos\samigame\samigame\debug\splashscreen.obj
c:\users\bob joe\source\repos\samigame\samigame\debug\menubutton.obj
c:\users\bob joe\source\repos\samigame\samigame\debug\menu.obj
c:\users\bob joe\source\repos\samigame\samigame\debug\mainmenu.obj
c:\users\bob joe\source\repos\samigame\samigame\debug\main.obj
c:\users\bob joe\source\repos\samigame\samigame\debug\game.obj
c:\users\bob joe\source\repos\samigame\samigame\debug\menuitem.obj
c:\users\bob joe\source\repos\samigame\debug\samigame.ilk
c:\users\bob joe\source\repos\samigame\debug\samigame.exe
c:\users\bob joe\source\repos\samigame\debug\samigame.pdb
c:\users\bob joe\source\repos\samigame\samigame\debug\0302.res
c:\users\bob joe\source\repos\samigame\samigame\debug\menu.obj.enc
c:\users\bob joe\source\repos\samigame\samigame\debug\samigame.tlog\cl.command.1.tlog
c:\users\bob joe\source\repos\samigame\samigame\debug\samigame.tlog\cl.read.1.tlog
c:\users\bob joe\source\repos\samigame\samigame\debug\samigame.tlog\cl.write.1.tlog
c:\users\bob joe\source\repos\samigame\samigame\debug\samigame.tlog\link.command.1.tlog
c:\users\bob joe\source\repos\samigame\samigame\debug\samigame.tlog\link.delete.1.tlog
c:\users\bob joe\source\repos\samigame\samigame\debug\samigame.tlog\link.read.1.tlog
c:\users\bob joe\source\repos\samigame\samigame\debug\samigame.tlog\link.write.1.tlog
c:\users\bob joe\source\repos\samigame\samigame\debug\samigame.tlog\rc.command.1.tlog
c:\users\bob joe\source\repos\samigame\samigame\debug\samigame.tlog\rc.read.1.tlog
c:\users\bob joe\source\repos\samigame\samigame\debug\samigame.tlog\rc.write.1.tlog
